<?xml version="1.0" encoding="UTF-8"?>
<testng-results ignored="19" total="27" passed="8" failed="0" skipped="0">
  <reporter-output>
  </reporter-output>
  <suite started-at="2022-10-28T01:24:51 BDT" name="Suite" finished-at="2022-10-28T01:26:46 BDT" duration-ms="115732">
    <groups>
    </groups>
    <test started-at="2022-10-28T01:24:51 BDT" name="Test" finished-at="2022-10-28T01:26:46 BDT" duration-ms="115732">
      <class name="testcases.TC006_Refresh">
        <test-method signature="refreshPage()[pri:0, instance:testcases.TC006_Refresh@be68757]" started-at="2022-10-28T01:25:44 BDT" name="refreshPage" finished-at="2022-10-28T01:26:04 BDT" duration-ms="19919" status="PASS">
          <reporter-output>
          </reporter-output>
        </test-method> <!-- refreshPage -->
      </class> <!-- testcases.TC006_Refresh -->
      <class name="testcases.TC005_KeyboardEvent">
        <test-method signature="KeyboardEventCheck()[pri:0, instance:testcases.TC005_KeyboardEvent@1efe439d]" started-at="2022-10-28T01:25:27 BDT" name="KeyboardEventCheck" finished-at="2022-10-28T01:25:44 BDT" duration-ms="17409" status="PASS">
          <reporter-output>
          </reporter-output>
        </test-method> <!-- KeyboardEventCheck -->
      </class> <!-- testcases.TC005_KeyboardEvent -->
      <class name="testcases.TC001_LocatorLearning">
        <test-method is-config="true" signature="setdriver()[pri:0, instance:testcases.TC001_LocatorLearning@17d88132]" started-at="2022-10-28T01:24:48 BDT" name="setdriver" finished-at="2022-10-28T01:24:51 BDT" duration-ms="2175" status="PASS">
          <reporter-output>
          </reporter-output>
        </test-method> <!-- setdriver -->
        <test-method signature="locatorlearning()[pri:0, instance:testcases.TC001_LocatorLearning@17d88132]" started-at="2022-10-28T01:24:51 BDT" name="locatorlearning" finished-at="2022-10-28T01:25:05 BDT" duration-ms="13773" status="PASS">
          <reporter-output>
          </reporter-output>
        </test-method> <!-- locatorlearning -->
        <test-method is-config="true" signature="teardown()[pri:0, instance:testcases.TC001_LocatorLearning@17d88132]" started-at="2022-10-28T01:26:47 BDT" name="teardown" finished-at="2022-10-28T01:26:47 BDT" duration-ms="487" status="PASS">
          <reporter-output>
          </reporter-output>
        </test-method> <!-- teardown -->
      </class> <!-- testcases.TC001_LocatorLearning -->
      <class name="testcases.TC002_VerifyPageTitle">
        <test-method signature="verifyPageTitle_shouldPass()[pri:1, instance:testcases.TC002_VerifyPageTitle@36060e]" started-at="2022-10-28T01:25:05 BDT" name="verifyPageTitle_shouldPass" finished-at="2022-10-28T01:25:15 BDT" duration-ms="10807" status="PASS">
          <reporter-output>
          </reporter-output>
        </test-method> <!-- verifyPageTitle_shouldPass -->
        <test-method signature="isWebSiteSecured()[pri:2, instance:testcases.TC002_VerifyPageTitle@36060e]" started-at="2022-10-28T01:25:15 BDT" name="isWebSiteSecured" finished-at="2022-10-28T01:25:15 BDT" duration-ms="9" status="PASS">
          <reporter-output>
          </reporter-output>
        </test-method> <!-- isWebSiteSecured -->
      </class> <!-- testcases.TC002_VerifyPageTitle -->
      <class name="testcases.TC004_checkBoxAndRadioButton">
        <test-method signature="checkBoxAndRadioButtonInIFrame()[pri:0, instance:testcases.TC004_checkBoxAndRadioButton@481ba2cf]" started-at="2022-10-28T01:25:15 BDT" name="checkBoxAndRadioButtonInIFrame" finished-at="2022-10-28T01:25:27 BDT" duration-ms="11087" status="PASS">
          <reporter-output>
          </reporter-output>
        </test-method> <!-- checkBoxAndRadioButtonInIFrame -->
      </class> <!-- testcases.TC004_checkBoxAndRadioButton -->
      <class name="testcases.TC007_Scroll">
        <test-method signature="scrollCheck()[pri:0, instance:testcases.TC007_Scroll@7d446ed1]" started-at="2022-10-28T01:26:04 BDT" name="scrollCheck" finished-at="2022-10-28T01:26:24 BDT" duration-ms="19789" status="PASS">
          <reporter-output>
          </reporter-output>
        </test-method> <!-- scrollCheck -->
      </class> <!-- testcases.TC007_Scroll -->
      <class name="testcases.TC009_Slider">
        <test-method signature="sliderCheck()[pri:0, instance:testcases.TC009_Slider@12d2ce03]" started-at="2022-10-28T01:26:24 BDT" name="sliderCheck" finished-at="2022-10-28T01:26:46 BDT" duration-ms="22635" status="PASS">
          <reporter-output>
          </reporter-output>
        </test-method> <!-- sliderCheck -->
      </class> <!-- testcases.TC009_Slider -->
    </test> <!-- Test -->
  </suite> <!-- Suite -->
</testng-results>
