<?xml version="1.0" encoding="UTF-8"?>
<!-- Generated by org.testng.reporters.JUnitXMLReporter -->
<testsuite ignored="19" hostname="DESKTOP-J0EP6N8" failures="0" tests="8" name="Test" time="115.732" errors="0" timestamp="2022-10-28T01:26:46 BDT">
  <testcase classname="testcases.TC001_LocatorLearning" name="locatorlearning" time="13.773"/>
  <testcase classname="testcases.TC002_VerifyPageTitle" name="verifyPageTitle_shouldPass" time="10.807"/>
  <testcase classname="testcases.TC002_VerifyPageTitle" name="isWebSiteSecured" time="0.009"/>
  <testcase classname="testcases.TC004_checkBoxAndRadioButton" name="checkBoxAndRadioButtonInIFrame" time="11.087"/>
  <testcase classname="testcases.TC005_KeyboardEvent" name="KeyboardEventCheck" time="17.409"/>
  <testcase classname="testcases.TC006_Refresh" name="refreshPage" time="19.919"/>
  <testcase classname="testcases.TC007_Scroll" name="scrollCheck" time="19.789"/>
  <testcase classname="testcases.TC009_Slider" name="sliderCheck" time="22.635"/>
  <testcase classname="testcases.TC008_RightClick" name="doubleClickRightClick" time="0.0">
    <ignored/>
  </testcase> <!-- doubleClickRightClick -->
  <testcase classname="testcases.TC003_DropDown" name="selectingValueFromDropdown" time="0.0">
    <ignored/>
  </testcase> <!-- selectingValueFromDropdown -->
  <testcase classname="base.Driversetup" name="@AfterSuite teardown" time="0.0">
    <ignored/>
  </testcase> <!-- @AfterSuite teardown -->
  <testcase classname="base.Driversetup" name="@AfterSuite teardown" time="0.0">
    <ignored/>
  </testcase> <!-- @AfterSuite teardown -->
  <testcase classname="base.Driversetup" name="@AfterSuite teardown" time="0.0">
    <ignored/>
  </testcase> <!-- @AfterSuite teardown -->
  <testcase classname="base.Driversetup" name="@AfterSuite teardown" time="0.0">
    <ignored/>
  </testcase> <!-- @AfterSuite teardown -->
  <testcase classname="base.Driversetup" name="@AfterSuite teardown" time="0.0">
    <ignored/>
  </testcase> <!-- @AfterSuite teardown -->
  <testcase classname="base.Driversetup" name="@AfterSuite teardown" time="0.0">
    <ignored/>
  </testcase> <!-- @AfterSuite teardown -->
  <testcase classname="base.Driversetup" name="@AfterSuite teardown" time="0.0">
    <ignored/>
  </testcase> <!-- @AfterSuite teardown -->
  <testcase classname="base.Driversetup" name="@AfterSuite teardown" time="0.0">
    <ignored/>
  </testcase> <!-- @AfterSuite teardown -->
  <testcase classname="base.Driversetup" name="@BeforeSuite setdriver" time="0.0">
    <ignored/>
  </testcase> <!-- @BeforeSuite setdriver -->
  <testcase classname="base.Driversetup" name="@BeforeSuite setdriver" time="0.0">
    <ignored/>
  </testcase> <!-- @BeforeSuite setdriver -->
  <testcase classname="base.Driversetup" name="@BeforeSuite setdriver" time="0.0">
    <ignored/>
  </testcase> <!-- @BeforeSuite setdriver -->
  <testcase classname="base.Driversetup" name="@BeforeSuite setdriver" time="0.0">
    <ignored/>
  </testcase> <!-- @BeforeSuite setdriver -->
  <testcase classname="base.Driversetup" name="@BeforeSuite setdriver" time="0.0">
    <ignored/>
  </testcase> <!-- @BeforeSuite setdriver -->
  <testcase classname="base.Driversetup" name="@BeforeSuite setdriver" time="0.0">
    <ignored/>
  </testcase> <!-- @BeforeSuite setdriver -->
  <testcase classname="base.Driversetup" name="@BeforeSuite setdriver" time="0.0">
    <ignored/>
  </testcase> <!-- @BeforeSuite setdriver -->
  <testcase classname="base.Driversetup" name="@BeforeSuite setdriver" time="0.0">
    <ignored/>
  </testcase> <!-- @BeforeSuite setdriver -->
  <testcase classname="testcases.TC003_DropDown" name="selectingMultipleValueFromDropdown" time="0.0">
    <ignored/>
  </testcase> <!-- selectingMultipleValueFromDropdown -->
</testsuite> <!-- Test -->
